blindbox/build/intermediates/manifest_merge_blame_file/debug/manifest-merger-blame-debug-report.txt
1<?xml version="1.0" encoding="utf-8"?>
2<manifest xmlns:android="http://schemas.android.com/apk/res/android"
3    package="com.nino.blindbox" >
4
5    <uses-sdk
6        android:minSdkVersion="21"
6-->src\main\AndroidManifest.xml
7        android:targetSdkVersion="31" />
7-->src\main\AndroidManifest.xml
8
9    <application
9-->src\main\AndroidManifest.xml:4:5-23:19
10        android:allowBackup="true"
10-->src\main\AndroidManifest.xml:5:9-35
11        android:icon="@mipmap/ic_launcher"
11-->src\main\AndroidManifest.xml:6:9-43
12        android:roundIcon="@mipmap/ic_launcher_round"
12-->src\main\AndroidManifest.xml:7:9-54
13        android:supportsRtl="true"
13-->src\main\AndroidManifest.xml:8:9-35
14        android:theme="@style/AppTheme" >
14-->src\main\AndroidManifest.xml:9:9-40
15        <activity
15-->src\main\AndroidManifest.xml:10:9-13:20
16            android:name="com.nino.blindbox.ui.activity.WelcomeActivity"
16-->src\main\AndroidManifest.xml:11:13-56
17            android:exported="true" >
17-->src\main\AndroidManifest.xml:12:13-36
18        </activity>
19        <activity
19-->src\main\AndroidManifest.xml:14:9-17:20
20            android:name="com.nino.blindbox.ui.activity.LoginActivity"
20-->src\main\AndroidManifest.xml:15:13-54
21            android:exported="true" >
21-->src\main\AndroidManifest.xml:16:13-36
22        </activity>
23        <activity
23-->src\main\AndroidManifest.xml:18:9-21:20
24            android:name="com.nino.blindbox.ui.activity.HomeActivity"
24-->src\main\AndroidManifest.xml:19:13-53
25            android:exported="true" >
25-->src\main\AndroidManifest.xml:20:13-36
26        </activity>
27    </application>
28
29</manifest>